<?xml version="1.0" encoding="UTF-8"?>
<!-- Generated by org.testng.reporters.JUnitXMLReporter -->
<testsuite ignored="0" hostname="YASH-PC" failures="0" tests="1" name="Home Tests" time="0.296" errors="0" timestamp="2026-02-28T21:57:50 IST">
  <testcase classname="base.BaseTest" name="@BeforeMethod setup" time="0.143">
    <failure type="java.lang.IllegalStateException" message="The path to the driver executable must be set by the webdriver.chrome.driver system property; for more information, see https://github.com/SeleniumHQ/selenium/wiki/ChromeDriver. The latest version can be downloaded from http://chromedriver.storage.googleapis.com/index.html">
      <![CDATA[java.lang.IllegalStateException: The path to the driver executable must be set by the webdriver.chrome.driver system property; for more information, see https://github.com/SeleniumHQ/selenium/wiki/ChromeDriver. The latest version can be downloaded from http://chromedriver.storage.googleapis.com/index.html
at com.google.common.base.Preconditions.checkState(Preconditions.java:738)
at org.openqa.selenium.remote.service.DriverService.findExecutable(DriverService.java:111)
at org.openqa.selenium.chrome.ChromeDriverService.access$000(ChromeDriverService.java:35)
at org.openqa.selenium.chrome.ChromeDriverService$Builder.findDefaultExecutable(ChromeDriverService.java:156)
at org.openqa.selenium.remote.service.DriverService$Builder.build(DriverService.java:302)
at org.openqa.selenium.chrome.ChromeDriverService.createDefaultService(ChromeDriverService.java:91)
at org.openqa.selenium.chrome.ChromeDriver.<init>(ChromeDriver.java:123)
at base.BaseTest.setup(BaseTest.java:13)
at java.base/java.util.concurrent.Executors$RunnableAdapter.call(Executors.java:545)
at java.base/java.util.concurrent.FutureTask.run(FutureTask.java:328)
at java.base/java.util.concurrent.ThreadPoolExecutor.runWorker(ThreadPoolExecutor.java:1095)
at java.base/java.util.concurrent.ThreadPoolExecutor$Worker.run(ThreadPoolExecutor.java:619)
at java.base/java.lang.Thread.run(Thread.java:1447)
... Removed 15 stack frames]]>
    </failure>
  </testcase> <!-- @BeforeMethod setup -->
  <testcase classname="base.BaseTest" name="@AfterMethod tearDown" time="0.0">
    <skipped/>
  </testcase> <!-- @AfterMethod tearDown -->
  <testcase classname="tests.HomeTest" name="verifyHomePageLoadsSuccessfully" time="0.001">
    <skipped/>
  </testcase> <!-- verifyHomePageLoadsSuccessfully -->
</testsuite> <!-- Home Tests -->
