<?xml version="1.0" encoding="UTF-8"?>
<!-- Generated by org.testng.reporters.JUnitXMLReporter -->
<testsuite ignored="0" hostname="YASH-PC" failures="1" tests="7" name="Test" time="41.147" errors="0" timestamp="2026-03-23T11:02:31 IST">
  <testcase classname="tests.HomeTest" name="verifyHomePageLoadsSuccessfully" time="0.096"/>
  <testcase classname="tests.HomeTest" name="verifyAllProductsAreDisplayed" time="0.219"/>
  <testcase classname="tests.HomeTest" name="verifyLogoutFunctionality" time="0.637">
    <failure type="org.openqa.selenium.NoSuchElementException" message="no such element: Unable to locate element: {&amp;quot;method&amp;quot;:&amp;quot;xpath&amp;quot;,&amp;quot;selector&amp;quot;:&amp;quot;//*[@id=&amp;quot;react-burger-menu-btn&amp;quot;]&amp;quot;}
  (Session info: chrome=145.0.7632.160)
  (Driver info: chromedriver=145.0.7632.117 (de4e5d6e13b995f5e04137970c0e8ec456017467-refs/branch-heads/7632@{#3101}),platform=Windows NT 10.0.19045 x86_64) (WARNING: The server did not provide any stacktrace information)
Command duration or timeout: 17 milliseconds
For documentation on this error, please visit: http://seleniumhq.org/exceptions/no_such_element.html
Build info: version: &amp;apos;3.14.0&amp;apos;, revision: &amp;apos;aacccce0&amp;apos;, time: &amp;apos;2018-08-02T20:19:58.91Z&amp;apos;
System info: host: &amp;apos;YASH-PC&amp;apos;, ip: &amp;apos;172.21.80.1&amp;apos;, os.name: &amp;apos;Windows 10&amp;apos;, os.arch: &amp;apos;amd64&amp;apos;, os.version: &amp;apos;10.0&amp;apos;, java.version: &amp;apos;24.0.2&amp;apos;
Driver info: org.openqa.selenium.chrome.ChromeDriver
Capabilities [{mobileEmulationEnabled=false, timeouts={implicit=0, pageLoad=300000, script=30000}, hasTouchScreen=false, platform=XP, acceptSslCerts=false, goog:chromeOptions={debuggerAddress=localhost:54293}, webauthn:extension:credBlob=true, acceptInsecureCerts=false, fedcm:accounts=true, webStorageEnabled=true, browserName=chrome, takesScreenshot=true, javascriptEnabled=true, setWindowRect=true, webauthn:extension:largeBlob=true, unexpectedAlertBehaviour=ignore, rotatable=false, networkConnectionEnabled=false, chrome={chromedriverVersion=145.0.7632.117 (de4e5d6e13b995f5e04137970c0e8ec456017467-refs/branch-heads/7632@{#3101}), userDataDir=C:\Users\DELL\AppData\Local\Temp\scoped_dir20368_1409128182}, takesHeapSnapshot=true, goog:processID=18328, pageLoadStrategy=normal, strictFileInteractability=false, databaseEnabled=false, handlesAlerts=true, version=145.0.7632.160, browserConnectionEnabled=false, proxy={}, nativeEvents=true, webauthn:extension:minPinLength=true, webauthn:extension:prf=true, locationContextEnabled=true, cssSelectorsEnabled=true, webauthn:virtualAuthenticators=true}]
Session ID: 23db3e42d8569f31dd1e38c7a32ad0e2
*** Element info: {Using=xpath, value=//*[@id=&amp;quot;react-burger-menu-btn&amp;quot;]}">
      <![CDATA[org.openqa.selenium.NoSuchElementException: no such element: Unable to locate element: {"method":"xpath","selector":"//*[@id="react-burger-menu-btn"]"}
  (Session info: chrome=145.0.7632.160)
  (Driver info: chromedriver=145.0.7632.117 (de4e5d6e13b995f5e04137970c0e8ec456017467-refs/branch-heads/7632@{#3101}),platform=Windows NT 10.0.19045 x86_64) (WARNING: The server did not provide any stacktrace information)
Command duration or timeout: 17 milliseconds
For documentation on this error, please visit: http://seleniumhq.org/exceptions/no_such_element.html
Build info: version: '3.14.0', revision: 'aacccce0', time: '2018-08-02T20:19:58.91Z'
System info: host: 'YASH-PC', ip: '172.21.80.1', os.name: 'Windows 10', os.arch: 'amd64', os.version: '10.0', java.version: '24.0.2'
Driver info: org.openqa.selenium.chrome.ChromeDriver
Capabilities [{mobileEmulationEnabled=false, timeouts={implicit=0, pageLoad=300000, script=30000}, hasTouchScreen=false, platform=XP, acceptSslCerts=false, goog:chromeOptions={debuggerAddress=localhost:54293}, webauthn:extension:credBlob=true, acceptInsecureCerts=false, fedcm:accounts=true, webStorageEnabled=true, browserName=chrome, takesScreenshot=true, javascriptEnabled=true, setWindowRect=true, webauthn:extension:largeBlob=true, unexpectedAlertBehaviour=ignore, rotatable=false, networkConnectionEnabled=false, chrome={chromedriverVersion=145.0.7632.117 (de4e5d6e13b995f5e04137970c0e8ec456017467-refs/branch-heads/7632@{#3101}), userDataDir=C:\Users\DELL\AppData\Local\Temp\scoped_dir20368_1409128182}, takesHeapSnapshot=true, goog:processID=18328, pageLoadStrategy=normal, strictFileInteractability=false, databaseEnabled=false, handlesAlerts=true, version=145.0.7632.160, browserConnectionEnabled=false, proxy={}, nativeEvents=true, webauthn:extension:minPinLength=true, webauthn:extension:prf=true, locationContextEnabled=true, cssSelectorsEnabled=true, webauthn:virtualAuthenticators=true}]
Session ID: 23db3e42d8569f31dd1e38c7a32ad0e2
*** Element info: {Using=xpath, value=//*[@id="react-burger-menu-btn"]}
at org.openqa.selenium.remote.ErrorHandler.createThrowable(ErrorHandler.java:216)
at org.openqa.selenium.remote.ErrorHandler.throwIfResponseFailed(ErrorHandler.java:168)
at org.openqa.selenium.remote.RemoteWebDriver.execute(RemoteWebDriver.java:638)
at org.openqa.selenium.remote.RemoteWebDriver.findElement(RemoteWebDriver.java:371)
at org.openqa.selenium.remote.RemoteWebDriver.findElementByXPath(RemoteWebDriver.java:476)
at org.openqa.selenium.By$ByXPath.findElement(By.java:353)
at org.openqa.selenium.remote.RemoteWebDriver.findElement(RemoteWebDriver.java:363)
at pages.HomePage.openMenu(HomePage.java:72)
at tests.HomeTest.verifyLogoutFunctionality(HomeTest.java:55)
at java.base/java.util.ArrayList.forEach(ArrayList.java:1604)
... Removed 28 stack frames]]>
    </failure>
  </testcase> <!-- verifyLogoutFunctionality -->
  <testcase classname="tests.LoginTest" name="emptyUsernamePasswordTest" time="0.62"/>
  <testcase classname="tests.LoginTest" name="invalidPasswordTest" time="0.626"/>
  <testcase classname="tests.LoginTest" name="lockedOutUserTest" time="0.651"/>
  <testcase classname="tests.LoginTest" name="validLoginTest" time="0.656"/>
</testsuite> <!-- Test -->
