<?xml version="1.0" encoding="UTF-8"?>
<!-- Generated by org.testng.reporters.JUnitReportReporter -->
<testsuite hostname="YASH-PC" failures="0" tests="4" name="tests.LoginTest" time="21.591" errors="0" timestamp="2026-03-23T11:02:31 IST" skipped="0">
  <testcase classname="tests.LoginTest" name="lockedOutUserTest" time="5.580"/>
  <testcase classname="tests.LoginTest" name="validLoginTest" time="5.445"/>
  <testcase classname="tests.LoginTest" name="emptyUsernamePasswordTest" time="5.373"/>
  <testcase classname="tests.LoginTest" name="invalidPasswordTest" time="5.193"/>
</testsuite> <!-- tests.LoginTest -->
