<?xml version="1.0" encoding="UTF-8"?>
<!-- Generated by org.testng.reporters.JUnitReportReporter -->
<testsuite hostname="YASH-PC" failures="0" tests="16" name="runner.TestRunner" time="460.355" errors="0" timestamp="2026-04-29T19:03:39 IST" skipped="0">
  <testcase classname="runner.TestRunner" name="runScenario" time="31.071"/>
  <testcase classname="runner.TestRunner" name="runScenario" time="40.329"/>
  <testcase classname="runner.TestRunner" name="runScenario" time="46.733"/>
  <testcase classname="runner.TestRunner" name="runScenario" time="45.356"/>
  <testcase classname="runner.TestRunner" name="runScenario" time="14.213"/>
  <testcase classname="runner.TestRunner" name="runScenario" time="6.593"/>
  <testcase classname="runner.TestRunner" name="runScenario" time="13.696"/>
  <testcase classname="runner.TestRunner" name="runScenario" time="6.128"/>
  <testcase classname="runner.TestRunner" name="runScenario" time="31.064"/>
  <testcase classname="runner.TestRunner" name="runScenario" time="45.291"/>
  <testcase classname="runner.TestRunner" name="runScenario" time="31.643"/>
  <testcase classname="runner.TestRunner" name="runScenario" time="40.721"/>
  <testcase classname="runner.TestRunner" name="runScenario" time="14.100"/>
  <testcase classname="runner.TestRunner" name="runScenario" time="2.983"/>
  <testcase classname="runner.TestRunner" name="runScenario" time="45.056"/>
  <testcase classname="runner.TestRunner" name="runScenario" time="45.378"/>
</testsuite> <!-- runner.TestRunner -->
