<?xml version="1.0" encoding="UTF-8"?>
<!-- Generated by org.testng.reporters.JUnitReportReporter -->
<testsuite hostname="YASH-PC" failures="0" tests="8" name="ExcelPractice" time="86.064" errors="0" timestamp="2026-04-14T17:37:41 IST" skipped="0">
  <testcase classname="ExcelPractice" name="searchTest" time="9.705"/>
  <testcase classname="ExcelPractice" name="searchTest" time="9.664"/>
  <testcase classname="ExcelPractice" name="searchTest" time="11.025"/>
  <testcase classname="ExcelPractice" name="searchTest" time="11.364"/>
  <testcase classname="ExcelPractice" name="searchTest" time="9.897"/>
  <testcase classname="ExcelPractice" name="searchTest" time="11.048"/>
  <testcase classname="ExcelPractice" name="searchTest" time="10.371"/>
  <testcase classname="ExcelPractice" name="searchTest" time="12.990"/>
</testsuite> <!-- ExcelPractice -->
